Flow report for mipsHardware
Sat Mar 27 16:13:02 2021
Quartus II Version 9.1 Build 350 03/24/2010 Service Pack 2 SJ Web Edition


---------------------
; Table of Contents ;
---------------------
  1. Legal Notice
  2. Flow Summary
  3. Flow Settings
  4. Flow Non-Default Global Settings
  5. Flow Elapsed Time
  6. Flow OS Summary
  7. Flow Log



----------------
; Legal Notice ;
----------------
Copyright (C) 1991-2010 Altera Corporation
Your use of Altera Corporation's design tools, logic functions 
and other software and tools, and its AMPP partner logic 
functions, and any output files from any of the foregoing 
(including device programming or simulation files), and any 
associated documentation or information are expressly subject 
to the terms and conditions of the Altera Program License 
Subscription Agreement, Altera MegaCore Function License 
Agreement, or other applicable license agreement, including, 
without limitation, that your use is for the sole purpose of 
programming logic devices manufactured by Altera and sold by 
Altera or its authorized distributors.  Please refer to the 
applicable agreement for further details.



+------------------------------------------------------------------------------+
; Flow Summary                                                                 ;
+-------------------------------+----------------------------------------------+
; Flow Status                   ; Successful - Sat Mar 27 16:13:02 2021        ;
; Quartus II Version            ; 9.1 Build 350 03/24/2010 SP 2 SJ Web Edition ;
; Revision Name                 ; mipsHardware                                 ;
; Top-level Entity Name         ; schemeHard                                   ;
; Family                        ; Stratix II                                   ;
; Device                        ; EP2S15F672I4                                 ;
; Timing Models                 ; Final                                        ;
; Met timing requirements       ; No                                           ;
; Logic utilization             ; 34 %                                         ;
;     Combinational ALUTs       ; 2,908 / 12,480 ( 23 % )                      ;
;     Dedicated logic registers ; 1,876 / 12,480 ( 15 % )                      ;
; Total registers               ; 1876                                         ;
; Total pins                    ; 73 / 367 ( 20 % )                            ;
; Total virtual pins            ; 0                                            ;
; Total block memory bits       ; 8,192 / 419,328 ( 2 % )                      ;
; DSP block 9-bit elements      ; 0 / 96 ( 0 % )                               ;
; Total PLLs                    ; 0 / 6 ( 0 % )                                ;
; Total DLLs                    ; 0 / 2 ( 0 % )                                ;
+-------------------------------+----------------------------------------------+


+-----------------------------------------+
; Flow Settings                           ;
+-------------------+---------------------+
; Option            ; Setting             ;
+-------------------+---------------------+
; Start date & time ; 03/27/2021 16:12:21 ;
; Main task         ; Compilation         ;
; Revision Name     ; mipsHardware        ;
+-------------------+---------------------+


+----------------------------------------------------------------------------------------------------------------------+
; Flow Non-Default Global Settings                                                                                     ;
+---------------------------------------+-------------------------------+---------------+-------------+----------------+
; Assignment Name                       ; Value                         ; Default Value ; Entity Name ; Section Id     ;
+---------------------------------------+-------------------------------+---------------+-------------+----------------+
; COMPILER_SIGNATURE_ID                 ; 4459191907733.161687234126948 ; --            ; --          ; --             ;
; ENABLE_ADVANCED_IO_TIMING             ; On                            ; --            ; --          ; --             ;
; FITTER_EFFORT                         ; Standard Fit                  ; Auto Fit      ; --          ; --             ;
; MAX_CORE_JUNCTION_TEMP                ; 100                           ; --            ; --          ; --             ;
; MIN_CORE_JUNCTION_TEMP                ; -40                           ; --            ; --          ; --             ;
; PARTITION_COLOR                       ; 16764057                      ; --            ; aluSrcA     ; Top            ;
; PARTITION_COLOR                       ; 16764057                      ; --            ; aluSrcB     ; Top            ;
; PARTITION_COLOR                       ; 16764057                      ; --            ; schemeHard  ; Top            ;
; PARTITION_FITTER_PRESERVATION_LEVEL   ; PLACEMENT_AND_ROUTING         ; --            ; schemeHard  ; Top            ;
; PARTITION_NETLIST_TYPE                ; SOURCE                        ; --            ; aluSrcA     ; Top            ;
; PARTITION_NETLIST_TYPE                ; SOURCE                        ; --            ; aluSrcB     ; Top            ;
; PARTITION_NETLIST_TYPE                ; SOURCE                        ; --            ; schemeHard  ; Top            ;
; SYNCHRONIZATION_REGISTER_CHAIN_LENGTH ; 2                             ; 3             ; --          ; --             ;
; TOP_LEVEL_ENTITY                      ; schemeHard                    ; mipsHardware  ; --          ; --             ;
; USE_GENERATED_PHYSICAL_CONSTRAINTS    ; Off                           ; --            ; --          ; eda_blast_fpga ;
+---------------------------------------+-------------------------------+---------------+-------------+----------------+


+-----------------------------------------------------------------------------------------------------------------------------+
; Flow Elapsed Time                                                                                                           ;
+-------------------------+--------------+-------------------------+---------------------+------------------------------------+
; Module Name             ; Elapsed Time ; Average Processors Used ; Peak Virtual Memory ; Total CPU Time (on all processors) ;
+-------------------------+--------------+-------------------------+---------------------+------------------------------------+
; Analysis & Synthesis    ; 00:00:17     ; 1.0                     ; 282 MB              ; 00:00:20                           ;
; Fitter                  ; 00:00:17     ; 1.0                     ; 277 MB              ; 00:00:20                           ;
; Assembler               ; 00:00:02     ; 1.0                     ; 236 MB              ; 00:00:02                           ;
; Classic Timing Analyzer ; 00:00:01     ; 1.0                     ; 184 MB              ; 00:00:01                           ;
; Total                   ; 00:00:37     ; --                      ; --                  ; 00:00:43                           ;
+-------------------------+--------------+-------------------------+---------------------+------------------------------------+


+------------------------------------------------------------------------------------------+
; Flow OS Summary                                                                          ;
+-------------------------+------------------+---------------+------------+----------------+
; Module Name             ; Machine Hostname ; OS Name       ; OS Version ; Processor type ;
+-------------------------+------------------+---------------+------------+----------------+
; Analysis & Synthesis    ; LAPTOP-TUQKG0C5  ; Windows Vista ; 6.2        ; x86_64         ;
; Fitter                  ; LAPTOP-TUQKG0C5  ; Windows Vista ; 6.2        ; x86_64         ;
; Assembler               ; LAPTOP-TUQKG0C5  ; Windows Vista ; 6.2        ; x86_64         ;
; Classic Timing Analyzer ; LAPTOP-TUQKG0C5  ; Windows Vista ; 6.2        ; x86_64         ;
+-------------------------+------------------+---------------+------------+----------------+


------------
; Flow Log ;
------------
quartus_map --read_settings_files=on --write_settings_files=off mipsHardware -c mipsHardware
quartus_fit --read_settings_files=off --write_settings_files=off mipsHardware -c mipsHardware
quartus_asm --read_settings_files=off --write_settings_files=off mipsHardware -c mipsHardware
quartus_tan --read_settings_files=off --write_settings_files=off mipsHardware -c mipsHardware --timing_analysis_only



